Using pre-set license
Built from '2020.3/release' branch; Version is '2020.3.1f1 (77a89f25062f) revision 7841951'; Using compiler version '192528614'; Build Type 'Release'
OS: 'Windows 10 Home; OS build 18363.1440; Version 1909; 64bit' Language: 'ru' Physical Memory: 8013 MB
BatchMode: 1, IsHumanControllingUs: 0, StartBugReporterOnCrash: 0, Is64bit: 1, IsPro: 0

 COMMAND LINE ARGUMENTS:
D:\Unity\2020.3.1f1\Editor\Unity.exe
-adb2
-batchMode
-noUpm
-name
AssetImportWorker0
-projectPath
D:/Unity Projects/Test
-logFile
Logs/AssetImportWorker0.log
-srvPort
60996
Successfully changed project path to: D:/Unity Projects/Test
D:/Unity Projects/Test
Using Asset Import Pipeline V2.
Refreshing native plugins compatible for Editor in 76.24 ms, found 1 plugins.
Preloading 0 native plugins for Editor in 0.00 ms.
Initialize engine version: 2020.3.1f1 (77a89f25062f)
[Subsystems] Discovering subsystems at path D:/Unity/2020.3.1f1/Editor/Data/Resources/UnitySubsystems
[Subsystems] Discovering subsystems at path D:/Unity Projects/Test/Assets
GfxDevice: creating device client; threaded=0
Direct3D:
    Version:  Direct3D 11.0 [level 11.1]
    Renderer: Intel(R) UHD Graphics 620 (ID=0x3ea0)
    Vendor:   
    VRAM:     4006 MB
    Driver:   26.20.100.7926
Initialize mono
Mono path[0] = 'D:/Unity/2020.3.1f1/Editor/Data/Managed'
Mono path[1] = 'D:/Unity/2020.3.1f1/Editor/Data/MonoBleedingEdge/lib/mono/unityjit'
Mono config path = 'D:/Unity/2020.3.1f1/Editor/Data/MonoBleedingEdge/etc'
Using monoOptions --debugger-agent=transport=dt_socket,embedding=1,server=y,suspend=n,address=127.0.0.1:56448
Begin MonoManager ReloadAssembly
Registering precompiled unity dll's ...
Register platform support module: D:/Unity/2020.3.1f1/Editor/Data/PlaybackEngines/WebGLSupport/UnityEditor.WebGL.Extensions.dll
Register platform support module: D:/Unity/2020.3.1f1/Editor/Data/PlaybackEngines/MacStandaloneSupport/UnityEditor.OSXStandalone.Extensions.dll
Register platform support module: D:/Unity/2020.3.1f1/Editor/Data/PlaybackEngines/WindowsStandaloneSupport/UnityEditor.WindowsStandalone.Extensions.dll
Register platform support module: D:/Unity/2020.3.1f1/Editor/Data/PlaybackEngines/LinuxStandaloneSupport/UnityEditor.LinuxStandalone.Extensions.dll
Registered in 0.033772 seconds.
Native extension for LinuxStandalone target not found
Native extension for WindowsStandalone target not found
Native extension for OSXStandalone target not found
Native extension for WebGL target not found
Refreshing native plugins compatible for Editor in 91.42 ms, found 1 plugins.
Preloading 0 native plugins for Editor in 0.00 ms.
Invoked RoslynAnalysisRunner static constructor.
RoslynAnalysisRunner will not be running.
RoslynAnalysisRunner has terminated.
Mono: successfully reloaded assembly
- Completed reload, in  9.385 seconds
Platform modules already initialized, skipping
Registering precompiled user dll's ...
Registered in 0.007144 seconds.
Begin MonoManager ReloadAssembly
Native extension for LinuxStandalone target not found
Native extension for WindowsStandalone target not found
Native extension for OSXStandalone target not found
Native extension for WebGL target not found
Refreshing native plugins compatible for Editor in 144.42 ms, found 1 plugins.
Preloading 0 native plugins for Editor in 0.00 ms.
Invoked RoslynAnalysisRunner static constructor.
RoslynAnalysisRunner will not be running.
RoslynAnalysisRunner has terminated.
Mono: successfully reloaded assembly
- Completed reload, in  6.960 seconds
Platform modules already initialized, skipping
========================================================================
Worker process is ready to serve import requests
Launched and connected shader compiler UnityShaderCompiler.exe after 0.28 seconds
Refreshing native plugins compatible for Editor in 0.99 ms, found 1 plugins.
Preloading 0 native plugins for Editor in 0.00 ms.
Unloading 1825 Unused Serialized files (Serialized files now loaded: 0)
System memory in use before: 85.0 MB.
System memory in use after: 85.0 MB.

Unloading 24 unused Assets to reduce memory usage. Loaded Objects now: 2268.
Total: 4.874000 ms (FindLiveObjects: 0.641300 ms CreateObjectMapping: 0.240300 ms MarkObjects: 3.349000 ms  DeleteObjects: 0.639900 ms)

========================================================================
Received Import Request.
  path: Assets/Scripts/Components/Purse/IPures.cs
  artifactKey: Guid(1d1771d4bb0a1ea4b89f419a7b741a73) Importer(815301076,1909f56bfc062723c751e8b465ee728b)
Start importing Assets/Scripts/Components/Purse/IPures.cs using Guid(1d1771d4bb0a1ea4b89f419a7b741a73) Importer(815301076,1909f56bfc062723c751e8b465ee728b)  -> (artifact id: 'e786ac70c8528cf42d025bea69bb490d') in 0.088792 seconds
  Import took 0.099359 seconds .

========================================================================
Received Import Request.
  Time since last request: 772.855818 seconds.
  path: Assets/Scripts/Components/Purse/IPures.cs
  artifactKey: Guid(1d1771d4bb0a1ea4b89f419a7b741a73) Importer(815301076,1909f56bfc062723c751e8b465ee728b)
Start importing Assets/Scripts/Components/Purse/IPures.cs using Guid(1d1771d4bb0a1ea4b89f419a7b741a73) Importer(815301076,1909f56bfc062723c751e8b465ee728b)  -> (artifact id: '1e930c76dc287e896826d602305b6b75') in 0.005722 seconds
  Import took 0.014422 seconds .

========================================================================
Received Import Request.
  Time since last request: 41.265811 seconds.
  path: Assets/Scripts/Components/Purse/IPures.cs
  artifactKey: Guid(1d1771d4bb0a1ea4b89f419a7b741a73) Importer(815301076,1909f56bfc062723c751e8b465ee728b)
Start importing Assets/Scripts/Components/Purse/IPures.cs using Guid(1d1771d4bb0a1ea4b89f419a7b741a73) Importer(815301076,1909f56bfc062723c751e8b465ee728b)  -> (artifact id: '8242b081c810c00efb3438aef4acad12') in 0.006771 seconds
  Import took 0.013522 seconds .

========================================================================
Received Import Request.
  Time since last request: 81.737454 seconds.
  path: Assets/Scripts/Components/Purse/IPures.cs
  artifactKey: Guid(1d1771d4bb0a1ea4b89f419a7b741a73) Importer(815301076,1909f56bfc062723c751e8b465ee728b)
Start importing Assets/Scripts/Components/Purse/IPures.cs using Guid(1d1771d4bb0a1ea4b89f419a7b741a73) Importer(815301076,1909f56bfc062723c751e8b465ee728b)  -> (artifact id: 'fabc6623172608fe9d88465a278e5a04') in 0.008260 seconds
  Import took 0.023993 seconds .

========================================================================
Received Import Request.
  Time since last request: 4.149375 seconds.
  path: Assets/Scripts/Components/Purse/IPures.cs
  artifactKey: Guid(1d1771d4bb0a1ea4b89f419a7b741a73) Importer(815301076,1909f56bfc062723c751e8b465ee728b)
Start importing Assets/Scripts/Components/Purse/IPures.cs using Guid(1d1771d4bb0a1ea4b89f419a7b741a73) Importer(815301076,1909f56bfc062723c751e8b465ee728b)  -> (artifact id: '24e551129752ad7ea2d460bd32cb870f') in 0.004380 seconds
  Import took 0.013401 seconds .

========================================================================
Received Import Request.
  Time since last request: 18.818773 seconds.
  path: Assets/Scripts/Components/Purse/IPures.cs
  artifactKey: Guid(1d1771d4bb0a1ea4b89f419a7b741a73) Importer(815301076,1909f56bfc062723c751e8b465ee728b)
Start importing Assets/Scripts/Components/Purse/IPures.cs using Guid(1d1771d4bb0a1ea4b89f419a7b741a73) Importer(815301076,1909f56bfc062723c751e8b465ee728b)  -> (artifact id: '74a5d0400343e9f95561a04d65dfa20c') in 0.006132 seconds
  Import took 0.017242 seconds .

========================================================================
Received Prepare
Registering precompiled user dll's ...
Registered in 0.002344 seconds.
Begin MonoManager ReloadAssembly
Native extension for LinuxStandalone target not found
Native extension for WindowsStandalone target not found
Native extension for OSXStandalone target not found
Native extension for WebGL target not found
Refreshing native plugins compatible for Editor in 0.58 ms, found 1 plugins.
Preloading 0 native plugins for Editor in 0.00 ms.
Invoked RoslynAnalysisRunner static constructor.
RoslynAnalysisRunner will not be running.
RoslynAnalysisRunner has terminated.
Mono: successfully reloaded assembly
- Completed reload, in  2.173 seconds
Platform modules already initialized, skipping
Refreshing native plugins compatible for Editor in 0.62 ms, found 1 plugins.
Preloading 0 native plugins for Editor in 0.00 ms.
Unloading 1819 Unused Serialized files (Serialized files now loaded: 0)
System memory in use before: 85.0 MB.
System memory in use after: 85.0 MB.

Unloading 13 unused Assets to reduce memory usage. Loaded Objects now: 2271.
Total: 4.982600 ms (FindLiveObjects: 0.365200 ms CreateObjectMapping: 0.143500 ms MarkObjects: 4.269900 ms  DeleteObjects: 0.201000 ms)

========================================================================
Received Prepare
Registering precompiled user dll's ...
Registered in 0.002560 seconds.
Begin MonoManager ReloadAssembly
Native extension for LinuxStandalone target not found
Native extension for WindowsStandalone target not found
Native extension for OSXStandalone target not found
Native extension for WebGL target not found
Refreshing native plugins compatible for Editor in 0.78 ms, found 1 plugins.
Preloading 0 native plugins for Editor in 0.00 ms.
Invoked RoslynAnalysisRunner static constructor.
RoslynAnalysisRunner will not be running.
RoslynAnalysisRunner has terminated.
Mono: successfully reloaded assembly
- Completed reload, in  2.857 seconds
Platform modules already initialized, skipping
Refreshing native plugins compatible for Editor in 0.78 ms, found 1 plugins.
Preloading 0 native plugins for Editor in 0.00 ms.
Unloading 1818 Unused Serialized files (Serialized files now loaded: 0)
System memory in use before: 85.0 MB.
System memory in use after: 85.0 MB.

Unloading 13 unused Assets to reduce memory usage. Loaded Objects now: 2274.
Total: 11.874000 ms (FindLiveObjects: 0.869100 ms CreateObjectMapping: 1.068600 ms MarkObjects: 9.457200 ms  DeleteObjects: 0.474500 ms)

========================================================================
Received Prepare
Registering precompiled user dll's ...
Registered in 0.004650 seconds.
Begin MonoManager ReloadAssembly
Native extension for LinuxStandalone target not found
Native extension for WindowsStandalone target not found
Native extension for OSXStandalone target not found
Native extension for WebGL target not found
Refreshing native plugins compatible for Editor in 6.84 ms, found 1 plugins.
Preloading 0 native plugins for Editor in 0.00 ms.
Invoked RoslynAnalysisRunner static constructor.
RoslynAnalysisRunner will not be running.
RoslynAnalysisRunner has terminated.
Mono: successfully reloaded assembly
- Completed reload, in  4.152 seconds
Platform modules already initialized, skipping
Refreshing native plugins compatible for Editor in 2.54 ms, found 1 plugins.
Preloading 0 native plugins for Editor in 0.00 ms.
Unloading 1818 Unused Serialized files (Serialized files now loaded: 0)
System memory in use before: 85.0 MB.
System memory in use after: 85.0 MB.

Unloading 12 unused Assets to reduce memory usage. Loaded Objects now: 2278.
Total: 12.475100 ms (FindLiveObjects: 0.577000 ms CreateObjectMapping: 0.570000 ms MarkObjects: 10.078100 ms  DeleteObjects: 1.244500 ms)

========================================================================
Received Import Request.
  Time since last request: 3936.063195 seconds.
  path: Assets/Scripts/Components/Composite/CompositeFactory.cs
  artifactKey: Guid(2fdcf394f58c4c442ac9f48a13ac8f79) Importer(815301076,1909f56bfc062723c751e8b465ee728b)
Start importing Assets/Scripts/Components/Composite/CompositeFactory.cs using Guid(2fdcf394f58c4c442ac9f48a13ac8f79) Importer(815301076,1909f56bfc062723c751e8b465ee728b)  -> (artifact id: '8ad353811baa2c6c3d9f716e52b43d5a') in 0.067607 seconds
  Import took 0.096800 seconds .

========================================================================
Received Prepare
Registering precompiled user dll's ...
Registered in 0.004399 seconds.
Begin MonoManager ReloadAssembly
Native extension for LinuxStandalone target not found
Native extension for WindowsStandalone target not found
Native extension for OSXStandalone target not found
Native extension for WebGL target not found
Refreshing native plugins compatible for Editor in 0.71 ms, found 1 plugins.
Preloading 0 native plugins for Editor in 0.00 ms.
Invoked RoslynAnalysisRunner static constructor.
RoslynAnalysisRunner will not be running.
RoslynAnalysisRunner has terminated.
Mono: successfully reloaded assembly
- Completed reload, in  2.796 seconds
Platform modules already initialized, skipping
Refreshing native plugins compatible for Editor in 0.56 ms, found 1 plugins.
Preloading 0 native plugins for Editor in 0.00 ms.
Unloading 1819 Unused Serialized files (Serialized files now loaded: 0)
System memory in use before: 85.1 MB.
System memory in use after: 85.0 MB.

Unloading 12 unused Assets to reduce memory usage. Loaded Objects now: 2283.
Total: 4.941400 ms (FindLiveObjects: 0.347700 ms CreateObjectMapping: 0.140200 ms MarkObjects: 3.839700 ms  DeleteObjects: 0.611100 ms)

========================================================================
Received Import Request.
  Time since last request: 2217.323299 seconds.
  path: Assets/Scripts/Components/Composite/CompositeFactory.cs
  artifactKey: Guid(2fdcf394f58c4c442ac9f48a13ac8f79) Importer(815301076,1909f56bfc062723c751e8b465ee728b)
Start importing Assets/Scripts/Components/Composite/CompositeFactory.cs using Guid(2fdcf394f58c4c442ac9f48a13ac8f79) Importer(815301076,1909f56bfc062723c751e8b465ee728b)  -> (artifact id: 'aac2cc846c003ee40165f4d11bdd4a0b') in 0.027847 seconds
  Import took 0.039360 seconds .

========================================================================
Received Import Request.
  Time since last request: 51.130233 seconds.
  path: Assets/Scripts/Components/Composite/Composite.cs
  artifactKey: Guid(40c3f4841439056418fb743efb42b085) Importer(815301076,1909f56bfc062723c751e8b465ee728b)
Start importing Assets/Scripts/Components/Composite/Composite.cs using Guid(40c3f4841439056418fb743efb42b085) Importer(815301076,1909f56bfc062723c751e8b465ee728b)  -> (artifact id: 'ddeab79cf41f5c7cc36af751f136e2ec') in 0.003464 seconds
  Import took 0.010402 seconds .

========================================================================
Received Import Request.
  Time since last request: 0.013535 seconds.
  path: Assets/Scripts/Components/Composite/Composite.cs
  artifactKey: Guid(40c3f4841439056418fb743efb42b085) Importer(815301076,1909f56bfc062723c751e8b465ee728b)
Start importing Assets/Scripts/Components/Composite/Composite.cs using Guid(40c3f4841439056418fb743efb42b085) Importer(815301076,1909f56bfc062723c751e8b465ee728b)  -> (artifact id: 'ddeab79cf41f5c7cc36af751f136e2ec') in 0.003793 seconds
  Import took 0.012096 seconds .

